<?xml version="1.0" encoding="UTF-8"?>
<!-- Generated by org.testng.reporters.JUnitReportReporter -->
<testsuite skipped="0" hostname="LAPTOP-SGIBJ7ML" name="org.example.TestRunner.TestRunner" tests="16" failures="2" timestamp="2022-05-25T21:02:39 EET" time="207.290" errors="1">
  <testcase name="runScenario" time="10.634" classname="org.example.TestRunner.TestRunner"/>
  <system-out/>
  <testcase name="runScenario" time="6.680" classname="org.example.TestRunner.TestRunner"/>
  <system-out/>
  <testcase name="runScenario" time="8.861" classname="org.example.TestRunner.TestRunner"/>
  <system-out/>
  <testcase name="runScenario" time="6.697" classname="org.example.TestRunner.TestRunner"/>
  <system-out/>
  <testcase name="runScenario" time="19.836" classname="org.example.TestRunner.TestRunner">
    <failure type="java.lang.AssertionError" message="expected [true] but found [false]">
      <![CDATA[java.lang.AssertionError: expected [true] but found [false]
at org.testng.Assert.fail(Assert.java:110)
at org.testng.Assert.failNotEquals(Assert.java:1413)
at org.testng.Assert.assertEqualsImpl(Assert.java:149)
at org.testng.Assert.assertEquals(Assert.java:131)
at org.testng.Assert.assertEquals(Assert.java:976)
at org.testng.Assert.assertEquals(Assert.java:1010)
at org.example.StepDefinition.SD06_SliderWrapper.slider2_result(SD06_SliderWrapper.java:85)
at ✽.verify clicking on home slider2 result(file:///D:/01%20Sahar/01%20Sahar%20Files/02%20Courses/FWD/Front%20End%20Testing%20Nanodegree%20Program/Project%202%20E-commerce%20App%20Automation%20Testing/Full%20Project/E-commerce_App_Automation_Testing/src/main/resources/Features/F06_SliderWrapper.feature:24)
]]>
    </failure>
  </testcase> <!-- runScenario -->
  <system-out/>
  <testcase name="runScenario" time="8.395" classname="org.example.TestRunner.TestRunner">
    <failure type="java.lang.AssertionError" message="expected [https://demo.nopcommerce.com/new-online-store-is-open] but found [https://demo.nopcommerce.com/news/rss/1]">
      <![CDATA[java.lang.AssertionError: expected [https://demo.nopcommerce.com/new-online-store-is-open] but found [https://demo.nopcommerce.com/news/rss/1]
at org.testng.Assert.fail(Assert.java:110)
at org.testng.Assert.failNotEquals(Assert.java:1413)
at org.testng.Assert.assertEqualsImpl(Assert.java:149)
at org.testng.Assert.assertEquals(Assert.java:131)
at org.testng.Assert.assertEquals(Assert.java:655)
at org.testng.Assert.assertEquals(Assert.java:665)
at org.example.StepDefinition.SD07_followUs.rss_url_result(SD07_followUs.java:131)
at ✽.verify that rss url opened(file:///D:/01%20Sahar/01%20Sahar%20Files/02%20Courses/FWD/Front%20End%20Testing%20Nanodegree%20Program/Project%202%20E-commerce%20App%20Automation%20Testing/Full%20Project/E-commerce_App_Automation_Testing/src/main/resources/Features/F07_FollowUs.feature:23)
]]>
    </failure>
  </testcase> <!-- runScenario -->
  <system-out/>
  <testcase name="runScenario" time="9.037" classname="org.example.TestRunner.TestRunner"/>
  <system-out/>
  <testcase name="runScenario" time="18.395" classname="org.example.TestRunner.TestRunner">
    <error type="org.openqa.selenium.ElementClickInterceptedException" message="element click intercepted: Element &lt;a href=&quot;http://demo.nopcommerce.com/&quot; aria-label=&quot;&quot; class=&quot;nivo-imageLink&quot; style=&quot;display: block;&quot;&gt;...&lt;/a&gt; is not clickable at point (951, 498). Other element would receive the click: &lt;a href=&quot;http://demo.nopcommerce.com/&quot; aria-label=&quot;&quot; class=&quot;nivo-imageLink&quot; style=&quot;display: block;&quot;&gt;...&lt;/a&gt;
  (Session info: chrome=101.0.4951.67)
Build info: version: &#039;4.1.4&#039;, revision: &#039;535d840ee2&#039;
System info: host: &#039;LAPTOP-SGIBJ7ML&#039;, ip: &#039;192.168.1.102&#039;, os.name: &#039;Windows 10&#039;, os.arch: &#039;amd64&#039;, os.version: &#039;10.0&#039;, java.version: &#039;1.8.0_333&#039;
Driver info: org.openqa.selenium.chrome.ChromeDriver
Command: [a072661b431064c0c4511e3fae488abf, clickElement {id=88e4cd38-0360-47c1-b379-a459b3a26769}]
Capabilities {acceptInsecureCerts: false, browserName: chrome, browserVersion: 101.0.4951.67, chrome: {chromedriverVersion: 101.0.4951.41 (93c720db8323..., userDataDir: C:\Users\sahar\AppData\Loca...}, goog:chromeOptions: {debuggerAddress: localhost:63281}, javascriptEnabled: true, networkConnectionEnabled: false, pageLoadStrategy: normal, platform: WINDOWS, platformName: WINDOWS, proxy: Proxy(), se:cdp: ws://localhost:63281/devtoo..., se:cdpVersion: 101.0.4951.67, setWindowRect: true, strictFileInteractability: false, timeouts: {implicit: 0, pageLoad: 300000, script: 30000}, unhandledPromptBehavior: dismiss and notify, webauthn:extension:credBlob: true, webauthn:extension:largeBlob: true, webauthn:virtualAuthenticators: true}
Element: [[ChromeDriver: chrome on WINDOWS (a072661b431064c0c4511e3fae488abf)] -&gt; xpath: //a[@href=&quot;http://demo.nopcommerce.com/&quot;][1]]
Session ID: a072661b431064c0c4511e3fae488abf">
      <![CDATA[org.openqa.selenium.ElementClickInterceptedException: element click intercepted: Element <a href="http://demo.nopcommerce.com/" aria-label="" class="nivo-imageLink" style="display: block;">...</a> is not clickable at point (951, 498). Other element would receive the click: <a href="http://demo.nopcommerce.com/" aria-label="" class="nivo-imageLink" style="display: block;">...</a>
  (Session info: chrome=101.0.4951.67)
Build info: version: '4.1.4', revision: '535d840ee2'
System info: host: 'LAPTOP-SGIBJ7ML', ip: '192.168.1.102', os.name: 'Windows 10', os.arch: 'amd64', os.version: '10.0', java.version: '1.8.0_333'
Driver info: org.openqa.selenium.chrome.ChromeDriver
Command: [a072661b431064c0c4511e3fae488abf, clickElement {id=88e4cd38-0360-47c1-b379-a459b3a26769}]
Capabilities {acceptInsecureCerts: false, browserName: chrome, browserVersion: 101.0.4951.67, chrome: {chromedriverVersion: 101.0.4951.41 (93c720db8323..., userDataDir: C:\Users\sahar\AppData\Loca...}, goog:chromeOptions: {debuggerAddress: localhost:63281}, javascriptEnabled: true, networkConnectionEnabled: false, pageLoadStrategy: normal, platform: WINDOWS, platformName: WINDOWS, proxy: Proxy(), se:cdp: ws://localhost:63281/devtoo..., se:cdpVersion: 101.0.4951.67, setWindowRect: true, strictFileInteractability: false, timeouts: {implicit: 0, pageLoad: 300000, script: 30000}, unhandledPromptBehavior: dismiss and notify, webauthn:extension:credBlob: true, webauthn:extension:largeBlob: true, webauthn:virtualAuthenticators: true}
Element: [[ChromeDriver: chrome on WINDOWS (a072661b431064c0c4511e3fae488abf)] -> xpath: //a[@href="http://demo.nopcommerce.com/"][1]]
Session ID: a072661b431064c0c4511e3fae488abf
at sun.reflect.NativeConstructorAccessorImpl.newInstance0(Native Method)
at sun.reflect.NativeConstructorAccessorImpl.newInstance(NativeConstructorAccessorImpl.java:62)
at sun.reflect.DelegatingConstructorAccessorImpl.newInstance(DelegatingConstructorAccessorImpl.java:45)
at java.lang.reflect.Constructor.newInstance(Constructor.java:423)
at org.openqa.selenium.remote.codec.w3c.W3CHttpResponseCodec.createException(W3CHttpResponseCodec.java:200)
at org.openqa.selenium.remote.codec.w3c.W3CHttpResponseCodec.decode(W3CHttpResponseCodec.java:133)
at org.openqa.selenium.remote.codec.w3c.W3CHttpResponseCodec.decode(W3CHttpResponseCodec.java:53)
at org.openqa.selenium.remote.HttpCommandExecutor.execute(HttpCommandExecutor.java:184)
at org.openqa.selenium.remote.service.DriverCommandExecutor.invokeExecute(DriverCommandExecutor.java:167)
at org.openqa.selenium.remote.service.DriverCommandExecutor.execute(DriverCommandExecutor.java:142)
at org.openqa.selenium.remote.RemoteWebDriver.execute(RemoteWebDriver.java:567)
at org.openqa.selenium.remote.RemoteWebElement.execute(RemoteWebElement.java:251)
at org.openqa.selenium.remote.RemoteWebElement.click(RemoteWebElement.java:77)
at org.example.StepDefinition.SD06_SliderWrapper.first_slider(SD06_SliderWrapper.java:52)
at ✽.user click on first slider(file:///D:/01%20Sahar/01%20Sahar%20Files/02%20Courses/FWD/Front%20End%20Testing%20Nanodegree%20Program/Project%202%20E-commerce%20App%20Automation%20Testing/Full%20Project/E-commerce_App_Automation_Testing/src/main/resources/Features/F06_SliderWrapper.feature:17)
]]>
    </error>
  </testcase> <!-- runScenario -->
  <system-out/>
  <testcase name="runScenario" time="21.241" classname="org.example.TestRunner.TestRunner"/>
  <system-out/>
  <testcase name="runScenario" time="20.661" classname="org.example.TestRunner.TestRunner"/>
  <system-out/>
  <testcase name="runScenario" time="18.279" classname="org.example.TestRunner.TestRunner"/>
  <system-out/>
  <testcase name="runScenario" time="15.575" classname="org.example.TestRunner.TestRunner"/>
  <system-out/>
  <testcase name="runScenario" time="11.650" classname="org.example.TestRunner.TestRunner"/>
  <system-out/>
  <testcase name="runScenario" time="12.858" classname="org.example.TestRunner.TestRunner"/>
  <system-out/>
  <testcase name="runScenario" time="7.630" classname="org.example.TestRunner.TestRunner"/>
  <system-out/>
  <testcase name="runScenario" time="10.861" classname="org.example.TestRunner.TestRunner"/>
  <system-out/>
</testsuite> <!-- org.example.TestRunner.TestRunner -->
