<?xml version="1.0" encoding="UTF-8"?>
<testng-results skipped="0" failed="3" ignored="0" total="16" passed="13">
  <reporter-output>
  </reporter-output>
  <suite name="Surefire suite" duration-ms="208436" started-at="2022-05-25T20:59:10 EET" finished-at="2022-05-25T21:02:39 EET">
    <groups>
      <group name="cucumber">
        <method signature="AbstractTestNGCucumberTests.runScenario(io.cucumber.testng.PickleWrapper,io.cucumber.testng.FeatureWrapper)[pri:0, instance:org.example.TestRunner.TestRunner@69a3d1d]" name="runScenario" class="io.cucumber.testng.AbstractTestNGCucumberTests"/>
      </group> <!-- cucumber -->
    </groups>
    <test name="Surefire test" duration-ms="208436" started-at="2022-05-25T20:59:10 EET" finished-at="2022-05-25T21:02:39 EET">
      <class name="org.example.TestRunner.TestRunner">
        <test-method status="PASS" signature="setUpClass(org.testng.ITestContext)[pri:0, instance:org.example.TestRunner.TestRunner@69a3d1d]" name="setUpClass" is-config="true" duration-ms="875" started-at="2022-05-25T20:59:10 EET" finished-at="2022-05-25T20:59:11 EET">
          <params>
            <param index="0">
              <value>
                <![CDATA[org.testng.TestRunner@76e4212]]>
              </value>
            </param>
          </params>
          <reporter-output>
          </reporter-output>
        </test-method> <!-- setUpClass -->
        <test-method status="PASS" signature="runScenario(io.cucumber.testng.PickleWrapper,io.cucumber.testng.FeatureWrapper)[pri:0, instance:org.example.TestRunner.TestRunner@69a3d1d]" name="runScenario" duration-ms="15575" started-at="2022-05-25T20:59:11 EET" description="Runs Cucumber Scenarios" data-provider="scenarios" finished-at="2022-05-25T20:59:27 EET">
          <params>
            <param index="0">
              <value>
                <![CDATA["user could register with valid data successfully"]]>
              </value>
            </param>
            <param index="1">
              <value>
                <![CDATA["user should be able to create account"]]>
              </value>
            </param>
          </params>
          <reporter-output>
          </reporter-output>
        </test-method> <!-- runScenario -->
        <test-method status="PASS" signature="runScenario(io.cucumber.testng.PickleWrapper,io.cucumber.testng.FeatureWrapper)[pri:0, instance:org.example.TestRunner.TestRunner@69a3d1d]" name="runScenario" duration-ms="11650" started-at="2022-05-25T20:59:27 EET" description="Runs Cucumber Scenarios" data-provider="scenarios" finished-at="2022-05-25T20:59:38 EET">
          <params>
            <param index="0">
              <value>
                <![CDATA["User could log in with valid email and password successfully"]]>
              </value>
            </param>
            <param index="1">
              <value>
                <![CDATA["user should be able to log in to their account"]]>
              </value>
            </param>
          </params>
          <reporter-output>
          </reporter-output>
        </test-method> <!-- runScenario -->
        <test-method status="PASS" signature="runScenario(io.cucumber.testng.PickleWrapper,io.cucumber.testng.FeatureWrapper)[pri:0, instance:org.example.TestRunner.TestRunner@69a3d1d]" name="runScenario" duration-ms="7630" started-at="2022-05-25T20:59:38 EET" description="Runs Cucumber Scenarios" data-provider="scenarios" finished-at="2022-05-25T20:59:46 EET">
          <params>
            <param index="0">
              <value>
                <![CDATA["user could switch between currencies $-€"]]>
              </value>
            </param>
            <param index="1">
              <value>
                <![CDATA["guest user could switch between currencies $_€"]]>
              </value>
            </param>
          </params>
          <reporter-output>
          </reporter-output>
        </test-method> <!-- runScenario -->
        <test-method status="PASS" signature="runScenario(io.cucumber.testng.PickleWrapper,io.cucumber.testng.FeatureWrapper)[pri:0, instance:org.example.TestRunner.TestRunner@69a3d1d]" name="runScenario" duration-ms="21241" started-at="2022-05-25T20:59:46 EET" description="Runs Cucumber Scenarios" data-provider="scenarios" finished-at="2022-05-25T21:00:07 EET">
          <params>
            <param index="0">
              <value>
                <![CDATA["user could hover categories"]]>
              </value>
            </param>
            <param index="1">
              <value>
                <![CDATA["user could hover categories and select different category"]]>
              </value>
            </param>
          </params>
          <reporter-output>
          </reporter-output>
        </test-method> <!-- runScenario -->
        <test-method status="PASS" signature="runScenario(io.cucumber.testng.PickleWrapper,io.cucumber.testng.FeatureWrapper)[pri:0, instance:org.example.TestRunner.TestRunner@69a3d1d]" name="runScenario" duration-ms="6697" started-at="2022-05-25T21:00:07 EET" description="Runs Cucumber Scenarios" data-provider="scenarios" finished-at="2022-05-25T21:00:14 EET">
          <params>
            <param index="0">
              <value>
                <![CDATA["user could search using product name"]]>
              </value>
            </param>
            <param index="1">
              <value>
                <![CDATA["users will be able to search for products with different parameters"]]>
              </value>
            </param>
          </params>
          <reporter-output>
          </reporter-output>
        </test-method> <!-- runScenario -->
        <test-method status="PASS" signature="runScenario(io.cucumber.testng.PickleWrapper,io.cucumber.testng.FeatureWrapper)[pri:0, instance:org.example.TestRunner.TestRunner@69a3d1d]" name="runScenario" duration-ms="6680" started-at="2022-05-25T21:00:14 EET" description="Runs Cucumber Scenarios" data-provider="scenarios" finished-at="2022-05-25T21:00:20 EET">
          <params>
            <param index="0">
              <value>
                <![CDATA["user could search using serial number of the product"]]>
              </value>
            </param>
            <param index="1">
              <value>
                <![CDATA["users will be able to search for products with different parameters"]]>
              </value>
            </param>
          </params>
          <reporter-output>
          </reporter-output>
        </test-method> <!-- runScenario -->
        <test-method status="FAIL" signature="runScenario(io.cucumber.testng.PickleWrapper,io.cucumber.testng.FeatureWrapper)[pri:0, instance:org.example.TestRunner.TestRunner@69a3d1d]" name="runScenario" duration-ms="18395" started-at="2022-05-25T21:00:20 EET" description="Runs Cucumber Scenarios" data-provider="scenarios" finished-at="2022-05-25T21:00:39 EET">
          <params>
            <param index="0">
              <value>
                <![CDATA["first slider is clickable on home page"]]>
              </value>
            </param>
            <param index="1">
              <value>
                <![CDATA["users will be able to open sliders in home page"]]>
              </value>
            </param>
          </params>
          <exception class="org.openqa.selenium.ElementClickInterceptedException">
            <message>
              <![CDATA[element click intercepted: Element <a href="http://demo.nopcommerce.com/" aria-label="" class="nivo-imageLink" style="display: block;">...</a> is not clickable at point (951, 498). Other element would receive the click: <a href="http://demo.nopcommerce.com/" aria-label="" class="nivo-imageLink" style="display: block;">...</a>
  (Session info: chrome=101.0.4951.67)
Build info: version: '4.1.4', revision: '535d840ee2'
System info: host: 'LAPTOP-SGIBJ7ML', ip: '192.168.1.102', os.name: 'Windows 10', os.arch: 'amd64', os.version: '10.0', java.version: '1.8.0_333'
Driver info: org.openqa.selenium.chrome.ChromeDriver
Command: [a072661b431064c0c4511e3fae488abf, clickElement {id=88e4cd38-0360-47c1-b379-a459b3a26769}]
Capabilities {acceptInsecureCerts: false, browserName: chrome, browserVersion: 101.0.4951.67, chrome: {chromedriverVersion: 101.0.4951.41 (93c720db8323..., userDataDir: C:\Users\sahar\AppData\Loca...}, goog:chromeOptions: {debuggerAddress: localhost:63281}, javascriptEnabled: true, networkConnectionEnabled: false, pageLoadStrategy: normal, platform: WINDOWS, platformName: WINDOWS, proxy: Proxy(), se:cdp: ws://localhost:63281/devtoo..., se:cdpVersion: 101.0.4951.67, setWindowRect: true, strictFileInteractability: false, timeouts: {implicit: 0, pageLoad: 300000, script: 30000}, unhandledPromptBehavior: dismiss and notify, webauthn:extension:credBlob: true, webauthn:extension:largeBlob: true, webauthn:virtualAuthenticators: true}
Element: [[ChromeDriver: chrome on WINDOWS (a072661b431064c0c4511e3fae488abf)] -> xpath: //a[@href="http://demo.nopcommerce.com/"][1]]
Session ID: a072661b431064c0c4511e3fae488abf]]>
            </message>
            <full-stacktrace>
              <![CDATA[org.openqa.selenium.ElementClickInterceptedException: element click intercepted: Element <a href="http://demo.nopcommerce.com/" aria-label="" class="nivo-imageLink" style="display: block;">...</a> is not clickable at point (951, 498). Other element would receive the click: <a href="http://demo.nopcommerce.com/" aria-label="" class="nivo-imageLink" style="display: block;">...</a>
  (Session info: chrome=101.0.4951.67)
Build info: version: '4.1.4', revision: '535d840ee2'
System info: host: 'LAPTOP-SGIBJ7ML', ip: '192.168.1.102', os.name: 'Windows 10', os.arch: 'amd64', os.version: '10.0', java.version: '1.8.0_333'
Driver info: org.openqa.selenium.chrome.ChromeDriver
Command: [a072661b431064c0c4511e3fae488abf, clickElement {id=88e4cd38-0360-47c1-b379-a459b3a26769}]
Capabilities {acceptInsecureCerts: false, browserName: chrome, browserVersion: 101.0.4951.67, chrome: {chromedriverVersion: 101.0.4951.41 (93c720db8323..., userDataDir: C:\Users\sahar\AppData\Loca...}, goog:chromeOptions: {debuggerAddress: localhost:63281}, javascriptEnabled: true, networkConnectionEnabled: false, pageLoadStrategy: normal, platform: WINDOWS, platformName: WINDOWS, proxy: Proxy(), se:cdp: ws://localhost:63281/devtoo..., se:cdpVersion: 101.0.4951.67, setWindowRect: true, strictFileInteractability: false, timeouts: {implicit: 0, pageLoad: 300000, script: 30000}, unhandledPromptBehavior: dismiss and notify, webauthn:extension:credBlob: true, webauthn:extension:largeBlob: true, webauthn:virtualAuthenticators: true}
Element: [[ChromeDriver: chrome on WINDOWS (a072661b431064c0c4511e3fae488abf)] -> xpath: //a[@href="http://demo.nopcommerce.com/"][1]]
Session ID: a072661b431064c0c4511e3fae488abf
at sun.reflect.NativeConstructorAccessorImpl.newInstance0(Native Method)
at sun.reflect.NativeConstructorAccessorImpl.newInstance(NativeConstructorAccessorImpl.java:62)
at sun.reflect.DelegatingConstructorAccessorImpl.newInstance(DelegatingConstructorAccessorImpl.java:45)
at java.lang.reflect.Constructor.newInstance(Constructor.java:423)
at org.openqa.selenium.remote.codec.w3c.W3CHttpResponseCodec.createException(W3CHttpResponseCodec.java:200)
at org.openqa.selenium.remote.codec.w3c.W3CHttpResponseCodec.decode(W3CHttpResponseCodec.java:133)
at org.openqa.selenium.remote.codec.w3c.W3CHttpResponseCodec.decode(W3CHttpResponseCodec.java:53)
at org.openqa.selenium.remote.HttpCommandExecutor.execute(HttpCommandExecutor.java:184)
at org.openqa.selenium.remote.service.DriverCommandExecutor.invokeExecute(DriverCommandExecutor.java:167)
at org.openqa.selenium.remote.service.DriverCommandExecutor.execute(DriverCommandExecutor.java:142)
at org.openqa.selenium.remote.RemoteWebDriver.execute(RemoteWebDriver.java:567)
at org.openqa.selenium.remote.RemoteWebElement.execute(RemoteWebElement.java:251)
at org.openqa.selenium.remote.RemoteWebElement.click(RemoteWebElement.java:77)
at org.example.StepDefinition.SD06_SliderWrapper.first_slider(SD06_SliderWrapper.java:52)
at ✽.user click on first slider(file:///D:/01%20Sahar/01%20Sahar%20Files/02%20Courses/FWD/Front%20End%20Testing%20Nanodegree%20Program/Project%202%20E-commerce%20App%20Automation%20Testing/Full%20Project/E-commerce_App_Automation_Testing/src/main/resources/Features/F06_SliderWrapper.feature:17)
]]>
            </full-stacktrace>
          </exception> <!-- org.openqa.selenium.ElementClickInterceptedException -->
          <reporter-output>
          </reporter-output>
        </test-method> <!-- runScenario -->
        <test-method status="FAIL" signature="runScenario(io.cucumber.testng.PickleWrapper,io.cucumber.testng.FeatureWrapper)[pri:0, instance:org.example.TestRunner.TestRunner@69a3d1d]" name="runScenario" duration-ms="19836" started-at="2022-05-25T21:00:39 EET" description="Runs Cucumber Scenarios" data-provider="scenarios" finished-at="2022-05-25T21:00:59 EET">
          <params>
            <param index="0">
              <value>
                <![CDATA["second slider is clickable on home page"]]>
              </value>
            </param>
            <param index="1">
              <value>
                <![CDATA["users will be able to open sliders in home page"]]>
              </value>
            </param>
          </params>
          <exception class="java.lang.AssertionError">
            <message>
              <![CDATA[expected [true] but found [false]]]>
            </message>
            <full-stacktrace>
              <![CDATA[java.lang.AssertionError: expected [true] but found [false]
at org.testng.Assert.fail(Assert.java:110)
at org.testng.Assert.failNotEquals(Assert.java:1413)
at org.testng.Assert.assertEqualsImpl(Assert.java:149)
at org.testng.Assert.assertEquals(Assert.java:131)
at org.testng.Assert.assertEquals(Assert.java:976)
at org.testng.Assert.assertEquals(Assert.java:1010)
at org.example.StepDefinition.SD06_SliderWrapper.slider2_result(SD06_SliderWrapper.java:85)
at ✽.verify clicking on home slider2 result(file:///D:/01%20Sahar/01%20Sahar%20Files/02%20Courses/FWD/Front%20End%20Testing%20Nanodegree%20Program/Project%202%20E-commerce%20App%20Automation%20Testing/Full%20Project/E-commerce_App_Automation_Testing/src/main/resources/Features/F06_SliderWrapper.feature:24)
]]>
            </full-stacktrace>
          </exception> <!-- java.lang.AssertionError -->
          <reporter-output>
          </reporter-output>
        </test-method> <!-- runScenario -->
        <test-method status="PASS" signature="runScenario(io.cucumber.testng.PickleWrapper,io.cucumber.testng.FeatureWrapper)[pri:0, instance:org.example.TestRunner.TestRunner@69a3d1d]" name="runScenario" duration-ms="9037" started-at="2022-05-25T21:00:59 EET" description="Runs Cucumber Scenarios" data-provider="scenarios" finished-at="2022-05-25T21:01:08 EET">
          <params>
            <param index="0">
              <value>
                <![CDATA["user opens facebook link"]]>
              </value>
            </param>
            <param index="1">
              <value>
                <![CDATA["users could open followUs links"]]>
              </value>
            </param>
          </params>
          <reporter-output>
          </reporter-output>
        </test-method> <!-- runScenario -->
        <test-method status="PASS" signature="runScenario(io.cucumber.testng.PickleWrapper,io.cucumber.testng.FeatureWrapper)[pri:0, instance:org.example.TestRunner.TestRunner@69a3d1d]" name="runScenario" duration-ms="8861" started-at="2022-05-25T21:01:08 EET" description="Runs Cucumber Scenarios" data-provider="scenarios" finished-at="2022-05-25T21:01:17 EET">
          <params>
            <param index="0">
              <value>
                <![CDATA["user opens twitter link"]]>
              </value>
            </param>
            <param index="1">
              <value>
                <![CDATA["users could open followUs links"]]>
              </value>
            </param>
          </params>
          <reporter-output>
          </reporter-output>
        </test-method> <!-- runScenario -->
        <test-method status="FAIL" signature="runScenario(io.cucumber.testng.PickleWrapper,io.cucumber.testng.FeatureWrapper)[pri:0, instance:org.example.TestRunner.TestRunner@69a3d1d]" name="runScenario" duration-ms="8395" started-at="2022-05-25T21:01:17 EET" description="Runs Cucumber Scenarios" data-provider="scenarios" finished-at="2022-05-25T21:01:25 EET">
          <params>
            <param index="0">
              <value>
                <![CDATA["user opens rss link"]]>
              </value>
            </param>
            <param index="1">
              <value>
                <![CDATA["users could open followUs links"]]>
              </value>
            </param>
          </params>
          <exception class="java.lang.AssertionError">
            <message>
              <![CDATA[expected [https://demo.nopcommerce.com/new-online-store-is-open] but found [https://demo.nopcommerce.com/news/rss/1]]]>
            </message>
            <full-stacktrace>
              <![CDATA[java.lang.AssertionError: expected [https://demo.nopcommerce.com/new-online-store-is-open] but found [https://demo.nopcommerce.com/news/rss/1]
at org.testng.Assert.fail(Assert.java:110)
at org.testng.Assert.failNotEquals(Assert.java:1413)
at org.testng.Assert.assertEqualsImpl(Assert.java:149)
at org.testng.Assert.assertEquals(Assert.java:131)
at org.testng.Assert.assertEquals(Assert.java:655)
at org.testng.Assert.assertEquals(Assert.java:665)
at org.example.StepDefinition.SD07_followUs.rss_url_result(SD07_followUs.java:131)
at ✽.verify that rss url opened(file:///D:/01%20Sahar/01%20Sahar%20Files/02%20Courses/FWD/Front%20End%20Testing%20Nanodegree%20Program/Project%202%20E-commerce%20App%20Automation%20Testing/Full%20Project/E-commerce_App_Automation_Testing/src/main/resources/Features/F07_FollowUs.feature:23)
]]>
            </full-stacktrace>
          </exception> <!-- java.lang.AssertionError -->
          <reporter-output>
          </reporter-output>
        </test-method> <!-- runScenario -->
        <test-method status="PASS" signature="runScenario(io.cucumber.testng.PickleWrapper,io.cucumber.testng.FeatureWrapper)[pri:0, instance:org.example.TestRunner.TestRunner@69a3d1d]" name="runScenario" duration-ms="10634" started-at="2022-05-25T21:01:25 EET" description="Runs Cucumber Scenarios" data-provider="scenarios" finished-at="2022-05-25T21:01:36 EET">
          <params>
            <param index="0">
              <value>
                <![CDATA["user opens youtube link"]]>
              </value>
            </param>
            <param index="1">
              <value>
                <![CDATA["users could open followUs links"]]>
              </value>
            </param>
          </params>
          <reporter-output>
          </reporter-output>
        </test-method> <!-- runScenario -->
        <test-method status="PASS" signature="runScenario(io.cucumber.testng.PickleWrapper,io.cucumber.testng.FeatureWrapper)[pri:0, instance:org.example.TestRunner.TestRunner@69a3d1d]" name="runScenario" duration-ms="10861" started-at="2022-05-25T21:01:36 EET" description="Runs Cucumber Scenarios" data-provider="scenarios" finished-at="2022-05-25T21:01:47 EET">
          <params>
            <param index="0">
              <value>
                <![CDATA["user add products to wishList"]]>
              </value>
            </param>
            <param index="1">
              <value>
                <![CDATA["users could add items to wish List"]]>
              </value>
            </param>
          </params>
          <reporter-output>
          </reporter-output>
        </test-method> <!-- runScenario -->
        <test-method status="PASS" signature="runScenario(io.cucumber.testng.PickleWrapper,io.cucumber.testng.FeatureWrapper)[pri:0, instance:org.example.TestRunner.TestRunner@69a3d1d]" name="runScenario" duration-ms="12858" started-at="2022-05-25T21:01:47 EET" description="Runs Cucumber Scenarios" data-provider="scenarios" finished-at="2022-05-25T21:01:59 EET">
          <params>
            <param index="0">
              <value>
                <![CDATA["added products are displayed on wishList page"]]>
              </value>
            </param>
            <param index="1">
              <value>
                <![CDATA["users could add items to wish List"]]>
              </value>
            </param>
          </params>
          <reporter-output>
          </reporter-output>
        </test-method> <!-- runScenario -->
        <test-method status="PASS" signature="runScenario(io.cucumber.testng.PickleWrapper,io.cucumber.testng.FeatureWrapper)[pri:0, instance:org.example.TestRunner.TestRunner@69a3d1d]" name="runScenario" duration-ms="18279" started-at="2022-05-25T21:01:59 EET" description="Runs Cucumber Scenarios" data-provider="scenarios" finished-at="2022-05-25T21:02:18 EET">
          <params>
            <param index="0">
              <value>
                <![CDATA["user add products to Shopping Cart by button"]]>
              </value>
            </param>
            <param index="1">
              <value>
                <![CDATA["users could add items to Shopping Cart"]]>
              </value>
            </param>
          </params>
          <reporter-output>
          </reporter-output>
        </test-method> <!-- runScenario -->
        <test-method status="PASS" signature="runScenario(io.cucumber.testng.PickleWrapper,io.cucumber.testng.FeatureWrapper)[pri:0, instance:org.example.TestRunner.TestRunner@69a3d1d]" name="runScenario" duration-ms="20661" started-at="2022-05-25T21:02:18 EET" description="Runs Cucumber Scenarios" data-provider="scenarios" finished-at="2022-05-25T21:02:38 EET">
          <params>
            <param index="0">
              <value>
                <![CDATA["added products are displayed on Shopping Cart page"]]>
              </value>
            </param>
            <param index="1">
              <value>
                <![CDATA["users could add items to Shopping Cart"]]>
              </value>
            </param>
          </params>
          <reporter-output>
          </reporter-output>
        </test-method> <!-- runScenario -->
        <test-method status="PASS" signature="tearDownClass()[pri:0, instance:org.example.TestRunner.TestRunner@69a3d1d]" name="tearDownClass" is-config="true" duration-ms="185" started-at="2022-05-25T21:02:38 EET" finished-at="2022-05-25T21:02:38 EET">
          <reporter-output>
          </reporter-output>
        </test-method> <!-- tearDownClass -->
      </class> <!-- org.example.TestRunner.TestRunner -->
    </test> <!-- Surefire test -->
  </suite> <!-- Surefire suite -->
</testng-results>
